#-----------------------------------------------------------
# Vivado v2024.2 (64-bit)
# SW Build 5239630 on Fri Nov 08 22:35:27 MST 2024
# IP Build 5239520 on Sun Nov 10 16:12:51 MST 2024
# SharedData Build 5239561 on Fri Nov 08 14:39:27 MST 2024
# Start of session at: Sat Jun 14 19:53:28 2025
# Process ID         : 11804
# Current directory  : C:/Users/willi/OneDrive/햞ea de Trabalho/ScriptSinteseVivado
# Command line       : vivado.exe -mode batch -source script.tcl -tclargs C:/Users/willi/OneDrive/햞ea de Trabalho/ScriptSinteseVivado/verilog TreeLUT xc7a35ticsg324-1L
# Log file           : C:/Users/willi/OneDrive/햞ea de Trabalho/ScriptSinteseVivado/vivado.log
# Journal file       : C:/Users/willi/OneDrive/햞ea de Trabalho/ScriptSinteseVivado\vivado.jou
# Running On         : LAPTOP-QTLDDFS4
# Platform           : Windows Server 2016 or Windows 10
# Operating System   : 26100
# Processor Detail   : Intel(R) Core(TM) i3-1005G1 CPU @ 1.20GHz
# CPU Frequency      : 1190 MHz
# CPU Physical cores : 2
# CPU Logical cores  : 4
# Host memory        : 8368 MB
# Swap memory        : 5637 MB
# Total Virtual      : 14005 MB
# Available Virtual  : 5770 MB
#-----------------------------------------------------------
source script.tcl
# set verilog_dir [lindex $argv 0]
# set top_module  [lindex $argv 1]
# set part_fpga   [lindex $argv 2]
# set output_dir  [lindex $argv 3]
# puts "\n========================================"

========================================
# puts "Iniciando sintese para $top_module"
Iniciando sintese para TreeLUT
# puts "========================================"
========================================
# puts "Diretorio Verilog: $verilog_dir"
Diretorio Verilog: C:/Users/willi/OneDrive/햞ea de Trabalho/ScriptSinteseVivado/verilog
# puts "Top Module: $top_module"
Top Module: TreeLUT
# puts "FPGA Part: $part_fpga"
FPGA Part: xc7a35ticsg324-1L
# puts "Diretorio Saida: $output_dir"
Diretorio Saida: 
# if {![file exists $verilog_dir]} {
#     puts "\nERRO: Diretorio $verilog_dir nao encontrado!"
#     exit 1
# }
# set verilog_files [glob -nocomplain -directory $verilog_dir *.v]
# if {[llength $verilog_files] == 0} {
#     puts "\nERRO: Nenhum arquivo .v encontrado em:"
#     puts "Conteudo do diretorio: [glob -nocomplain -directory $verilog_dir *]"
#     exit 1
# }
# puts "\nArquivos Verilog encontrados:"

Arquivos Verilog encontrados:
# foreach file $verilog_files { puts "- $file" }
- C:/Users/willi/OneDrive/햞ea de Trabalho/ScriptSinteseVivado/verilog/class0_adder.v
- C:/Users/willi/OneDrive/햞ea de Trabalho/ScriptSinteseVivado/verilog/class0_tree0.v
- C:/Users/willi/OneDrive/햞ea de Trabalho/ScriptSinteseVivado/verilog/class0_tree1.v
- C:/Users/willi/OneDrive/햞ea de Trabalho/ScriptSinteseVivado/verilog/class0_tree2.v
- C:/Users/willi/OneDrive/햞ea de Trabalho/ScriptSinteseVivado/verilog/class0_tree3.v
- C:/Users/willi/OneDrive/햞ea de Trabalho/ScriptSinteseVivado/verilog/class0_tree4.v
- C:/Users/willi/OneDrive/햞ea de Trabalho/ScriptSinteseVivado/verilog/class0_tree5.v
- C:/Users/willi/OneDrive/햞ea de Trabalho/ScriptSinteseVivado/verilog/class0_tree6.v
- C:/Users/willi/OneDrive/햞ea de Trabalho/ScriptSinteseVivado/verilog/class1_adder.v
- C:/Users/willi/OneDrive/햞ea de Trabalho/ScriptSinteseVivado/verilog/class1_tree0.v
- C:/Users/willi/OneDrive/햞ea de Trabalho/ScriptSinteseVivado/verilog/class1_tree1.v
- C:/Users/willi/OneDrive/햞ea de Trabalho/ScriptSinteseVivado/verilog/class1_tree2.v
- C:/Users/willi/OneDrive/햞ea de Trabalho/ScriptSinteseVivado/verilog/class1_tree3.v
- C:/Users/willi/OneDrive/햞ea de Trabalho/ScriptSinteseVivado/verilog/class1_tree4.v
- C:/Users/willi/OneDrive/햞ea de Trabalho/ScriptSinteseVivado/verilog/class1_tree5.v
- C:/Users/willi/OneDrive/햞ea de Trabalho/ScriptSinteseVivado/verilog/class1_tree6.v
- C:/Users/willi/OneDrive/햞ea de Trabalho/ScriptSinteseVivado/verilog/class2_adder.v
- C:/Users/willi/OneDrive/햞ea de Trabalho/ScriptSinteseVivado/verilog/class2_tree0.v
- C:/Users/willi/OneDrive/햞ea de Trabalho/ScriptSinteseVivado/verilog/class2_tree1.v
- C:/Users/willi/OneDrive/햞ea de Trabalho/ScriptSinteseVivado/verilog/class2_tree2.v
- C:/Users/willi/OneDrive/햞ea de Trabalho/ScriptSinteseVivado/verilog/class2_tree3.v
- C:/Users/willi/OneDrive/햞ea de Trabalho/ScriptSinteseVivado/verilog/class2_tree4.v
- C:/Users/willi/OneDrive/햞ea de Trabalho/ScriptSinteseVivado/verilog/class2_tree5.v
- C:/Users/willi/OneDrive/햞ea de Trabalho/ScriptSinteseVivado/verilog/class2_tree6.v
- C:/Users/willi/OneDrive/햞ea de Trabalho/ScriptSinteseVivado/verilog/class3_adder.v
- C:/Users/willi/OneDrive/햞ea de Trabalho/ScriptSinteseVivado/verilog/class3_tree0.v
- C:/Users/willi/OneDrive/햞ea de Trabalho/ScriptSinteseVivado/verilog/class3_tree1.v
- C:/Users/willi/OneDrive/햞ea de Trabalho/ScriptSinteseVivado/verilog/class3_tree2.v
- C:/Users/willi/OneDrive/햞ea de Trabalho/ScriptSinteseVivado/verilog/class3_tree3.v
- C:/Users/willi/OneDrive/햞ea de Trabalho/ScriptSinteseVivado/verilog/class3_tree4.v
- C:/Users/willi/OneDrive/햞ea de Trabalho/ScriptSinteseVivado/verilog/class3_tree5.v
- C:/Users/willi/OneDrive/햞ea de Trabalho/ScriptSinteseVivado/verilog/class3_tree6.v
- C:/Users/willi/OneDrive/햞ea de Trabalho/ScriptSinteseVivado/verilog/class4_adder.v
- C:/Users/willi/OneDrive/햞ea de Trabalho/ScriptSinteseVivado/verilog/class4_tree0.v
- C:/Users/willi/OneDrive/햞ea de Trabalho/ScriptSinteseVivado/verilog/class4_tree1.v
- C:/Users/willi/OneDrive/햞ea de Trabalho/ScriptSinteseVivado/verilog/class4_tree2.v
- C:/Users/willi/OneDrive/햞ea de Trabalho/ScriptSinteseVivado/verilog/class4_tree3.v
- C:/Users/willi/OneDrive/햞ea de Trabalho/ScriptSinteseVivado/verilog/class4_tree4.v
- C:/Users/willi/OneDrive/햞ea de Trabalho/ScriptSinteseVivado/verilog/class4_tree5.v
- C:/Users/willi/OneDrive/햞ea de Trabalho/ScriptSinteseVivado/verilog/class4_tree6.v
- C:/Users/willi/OneDrive/햞ea de Trabalho/ScriptSinteseVivado/verilog/class5_adder.v
- C:/Users/willi/OneDrive/햞ea de Trabalho/ScriptSinteseVivado/verilog/class5_tree0.v
- C:/Users/willi/OneDrive/햞ea de Trabalho/ScriptSinteseVivado/verilog/class5_tree1.v
- C:/Users/willi/OneDrive/햞ea de Trabalho/ScriptSinteseVivado/verilog/class5_tree2.v
- C:/Users/willi/OneDrive/햞ea de Trabalho/ScriptSinteseVivado/verilog/class5_tree3.v
- C:/Users/willi/OneDrive/햞ea de Trabalho/ScriptSinteseVivado/verilog/class5_tree4.v
- C:/Users/willi/OneDrive/햞ea de Trabalho/ScriptSinteseVivado/verilog/class5_tree5.v
- C:/Users/willi/OneDrive/햞ea de Trabalho/ScriptSinteseVivado/verilog/class5_tree6.v
- C:/Users/willi/OneDrive/햞ea de Trabalho/ScriptSinteseVivado/verilog/class6_adder.v
- C:/Users/willi/OneDrive/햞ea de Trabalho/ScriptSinteseVivado/verilog/class6_tree0.v
- C:/Users/willi/OneDrive/햞ea de Trabalho/ScriptSinteseVivado/verilog/class6_tree1.v
- C:/Users/willi/OneDrive/햞ea de Trabalho/ScriptSinteseVivado/verilog/class6_tree2.v
- C:/Users/willi/OneDrive/햞ea de Trabalho/ScriptSinteseVivado/verilog/class6_tree3.v
- C:/Users/willi/OneDrive/햞ea de Trabalho/ScriptSinteseVivado/verilog/class6_tree4.v
- C:/Users/willi/OneDrive/햞ea de Trabalho/ScriptSinteseVivado/verilog/class6_tree5.v
- C:/Users/willi/OneDrive/햞ea de Trabalho/ScriptSinteseVivado/verilog/class6_tree6.v
- C:/Users/willi/OneDrive/햞ea de Trabalho/ScriptSinteseVivado/verilog/TreeLUT.v
# create_project -in_memory -part $part_fpga
# read_verilog $verilog_files
# puts "\nIniciando sintese..."

Iniciando sintese...
# synth_design -top $top_module -part $part_fpga
Command: synth_design -top TreeLUT -part xc7a35ticsg324-1L
Starting synth_design
Attempting to get a license for feature 'Synthesis' and/or device 'xc7a35ti'
INFO: [Common 17-349] Got license for feature 'Synthesis' and/or device 'xc7a35ti'
INFO: [Synth 8-7079] Multithreading enabled for synth_design using a maximum of 2 processes.
INFO: [Synth 8-7078] Launching helper process for spawning children vivado processes
INFO: [Synth 8-7075] Helper process launched with PID 11872
---------------------------------------------------------------------------------
Starting Synthesize : Time (s): cpu = 00:00:09 ; elapsed = 00:00:12 . Memory (MB): peak = 812.461 ; gain = 478.316
---------------------------------------------------------------------------------
INFO: [Synth 8-6157] synthesizing module 'TreeLUT' [C:/Users/willi/OneDrive/햞ea de Trabalho/ScriptSinteseVivado/verilog/TreeLUT.v:1]
INFO: [Synth 8-6157] synthesizing module 'class0_tree0' [C:/Users/willi/OneDrive/햞ea de Trabalho/ScriptSinteseVivado/verilog/class0_tree0.v:1]
INFO: [Synth 8-6155] done synthesizing module 'class0_tree0' (0#1) [C:/Users/willi/OneDrive/햞ea de Trabalho/ScriptSinteseVivado/verilog/class0_tree0.v:1]
INFO: [Synth 8-6157] synthesizing module 'class0_tree1' [C:/Users/willi/OneDrive/햞ea de Trabalho/ScriptSinteseVivado/verilog/class0_tree1.v:1]
INFO: [Synth 8-6155] done synthesizing module 'class0_tree1' (0#1) [C:/Users/willi/OneDrive/햞ea de Trabalho/ScriptSinteseVivado/verilog/class0_tree1.v:1]
INFO: [Synth 8-6157] synthesizing module 'class0_tree2' [C:/Users/willi/OneDrive/햞ea de Trabalho/ScriptSinteseVivado/verilog/class0_tree2.v:1]
INFO: [Synth 8-6155] done synthesizing module 'class0_tree2' (0#1) [C:/Users/willi/OneDrive/햞ea de Trabalho/ScriptSinteseVivado/verilog/class0_tree2.v:1]
INFO: [Synth 8-6157] synthesizing module 'class0_tree3' [C:/Users/willi/OneDrive/햞ea de Trabalho/ScriptSinteseVivado/verilog/class0_tree3.v:1]
INFO: [Synth 8-6155] done synthesizing module 'class0_tree3' (0#1) [C:/Users/willi/OneDrive/햞ea de Trabalho/ScriptSinteseVivado/verilog/class0_tree3.v:1]
INFO: [Synth 8-6157] synthesizing module 'class0_tree4' [C:/Users/willi/OneDrive/햞ea de Trabalho/ScriptSinteseVivado/verilog/class0_tree4.v:1]
INFO: [Synth 8-6155] done synthesizing module 'class0_tree4' (0#1) [C:/Users/willi/OneDrive/햞ea de Trabalho/ScriptSinteseVivado/verilog/class0_tree4.v:1]
INFO: [Synth 8-6157] synthesizing module 'class0_tree5' [C:/Users/willi/OneDrive/햞ea de Trabalho/ScriptSinteseVivado/verilog/class0_tree5.v:1]
INFO: [Synth 8-6155] done synthesizing module 'class0_tree5' (0#1) [C:/Users/willi/OneDrive/햞ea de Trabalho/ScriptSinteseVivado/verilog/class0_tree5.v:1]
INFO: [Synth 8-6157] synthesizing module 'class0_tree6' [C:/Users/willi/OneDrive/햞ea de Trabalho/ScriptSinteseVivado/verilog/class0_tree6.v:1]
INFO: [Synth 8-6155] done synthesizing module 'class0_tree6' (0#1) [C:/Users/willi/OneDrive/햞ea de Trabalho/ScriptSinteseVivado/verilog/class0_tree6.v:1]
INFO: [Synth 8-6157] synthesizing module 'class1_tree0' [C:/Users/willi/OneDrive/햞ea de Trabalho/ScriptSinteseVivado/verilog/class1_tree0.v:1]
INFO: [Synth 8-6155] done synthesizing module 'class1_tree0' (0#1) [C:/Users/willi/OneDrive/햞ea de Trabalho/ScriptSinteseVivado/verilog/class1_tree0.v:1]
INFO: [Synth 8-6157] synthesizing module 'class1_tree1' [C:/Users/willi/OneDrive/햞ea de Trabalho/ScriptSinteseVivado/verilog/class1_tree1.v:1]
INFO: [Synth 8-6155] done synthesizing module 'class1_tree1' (0#1) [C:/Users/willi/OneDrive/햞ea de Trabalho/ScriptSinteseVivado/verilog/class1_tree1.v:1]
INFO: [Synth 8-6157] synthesizing module 'class1_tree2' [C:/Users/willi/OneDrive/햞ea de Trabalho/ScriptSinteseVivado/verilog/class1_tree2.v:1]
INFO: [Synth 8-6155] done synthesizing module 'class1_tree2' (0#1) [C:/Users/willi/OneDrive/햞ea de Trabalho/ScriptSinteseVivado/verilog/class1_tree2.v:1]
INFO: [Synth 8-6157] synthesizing module 'class1_tree3' [C:/Users/willi/OneDrive/햞ea de Trabalho/ScriptSinteseVivado/verilog/class1_tree3.v:1]
INFO: [Synth 8-6155] done synthesizing module 'class1_tree3' (0#1) [C:/Users/willi/OneDrive/햞ea de Trabalho/ScriptSinteseVivado/verilog/class1_tree3.v:1]
INFO: [Synth 8-6157] synthesizing module 'class1_tree4' [C:/Users/willi/OneDrive/햞ea de Trabalho/ScriptSinteseVivado/verilog/class1_tree4.v:1]
INFO: [Synth 8-6155] done synthesizing module 'class1_tree4' (0#1) [C:/Users/willi/OneDrive/햞ea de Trabalho/ScriptSinteseVivado/verilog/class1_tree4.v:1]
INFO: [Synth 8-6157] synthesizing module 'class1_tree5' [C:/Users/willi/OneDrive/햞ea de Trabalho/ScriptSinteseVivado/verilog/class1_tree5.v:1]
INFO: [Synth 8-6155] done synthesizing module 'class1_tree5' (0#1) [C:/Users/willi/OneDrive/햞ea de Trabalho/ScriptSinteseVivado/verilog/class1_tree5.v:1]
INFO: [Synth 8-6157] synthesizing module 'class1_tree6' [C:/Users/willi/OneDrive/햞ea de Trabalho/ScriptSinteseVivado/verilog/class1_tree6.v:1]
INFO: [Synth 8-6155] done synthesizing module 'class1_tree6' (0#1) [C:/Users/willi/OneDrive/햞ea de Trabalho/ScriptSinteseVivado/verilog/class1_tree6.v:1]
INFO: [Synth 8-6157] synthesizing module 'class2_tree0' [C:/Users/willi/OneDrive/햞ea de Trabalho/ScriptSinteseVivado/verilog/class2_tree0.v:1]
INFO: [Synth 8-6155] done synthesizing module 'class2_tree0' (0#1) [C:/Users/willi/OneDrive/햞ea de Trabalho/ScriptSinteseVivado/verilog/class2_tree0.v:1]
INFO: [Synth 8-6157] synthesizing module 'class2_tree1' [C:/Users/willi/OneDrive/햞ea de Trabalho/ScriptSinteseVivado/verilog/class2_tree1.v:1]
INFO: [Synth 8-6155] done synthesizing module 'class2_tree1' (0#1) [C:/Users/willi/OneDrive/햞ea de Trabalho/ScriptSinteseVivado/verilog/class2_tree1.v:1]
INFO: [Synth 8-6157] synthesizing module 'class2_tree2' [C:/Users/willi/OneDrive/햞ea de Trabalho/ScriptSinteseVivado/verilog/class2_tree2.v:1]
INFO: [Synth 8-6155] done synthesizing module 'class2_tree2' (0#1) [C:/Users/willi/OneDrive/햞ea de Trabalho/ScriptSinteseVivado/verilog/class2_tree2.v:1]
INFO: [Synth 8-6157] synthesizing module 'class2_tree3' [C:/Users/willi/OneDrive/햞ea de Trabalho/ScriptSinteseVivado/verilog/class2_tree3.v:1]
INFO: [Synth 8-6155] done synthesizing module 'class2_tree3' (0#1) [C:/Users/willi/OneDrive/햞ea de Trabalho/ScriptSinteseVivado/verilog/class2_tree3.v:1]
INFO: [Synth 8-6157] synthesizing module 'class2_tree4' [C:/Users/willi/OneDrive/햞ea de Trabalho/ScriptSinteseVivado/verilog/class2_tree4.v:1]
INFO: [Synth 8-6155] done synthesizing module 'class2_tree4' (0#1) [C:/Users/willi/OneDrive/햞ea de Trabalho/ScriptSinteseVivado/verilog/class2_tree4.v:1]
INFO: [Synth 8-6157] synthesizing module 'class2_tree5' [C:/Users/willi/OneDrive/햞ea de Trabalho/ScriptSinteseVivado/verilog/class2_tree5.v:1]
INFO: [Synth 8-6155] done synthesizing module 'class2_tree5' (0#1) [C:/Users/willi/OneDrive/햞ea de Trabalho/ScriptSinteseVivado/verilog/class2_tree5.v:1]
INFO: [Synth 8-6157] synthesizing module 'class2_tree6' [C:/Users/willi/OneDrive/햞ea de Trabalho/ScriptSinteseVivado/verilog/class2_tree6.v:1]
INFO: [Synth 8-6155] done synthesizing module 'class2_tree6' (0#1) [C:/Users/willi/OneDrive/햞ea de Trabalho/ScriptSinteseVivado/verilog/class2_tree6.v:1]
INFO: [Synth 8-6157] synthesizing module 'class3_tree0' [C:/Users/willi/OneDrive/햞ea de Trabalho/ScriptSinteseVivado/verilog/class3_tree0.v:1]
INFO: [Synth 8-6155] done synthesizing module 'class3_tree0' (0#1) [C:/Users/willi/OneDrive/햞ea de Trabalho/ScriptSinteseVivado/verilog/class3_tree0.v:1]
INFO: [Synth 8-6157] synthesizing module 'class3_tree1' [C:/Users/willi/OneDrive/햞ea de Trabalho/ScriptSinteseVivado/verilog/class3_tree1.v:1]
INFO: [Synth 8-6155] done synthesizing module 'class3_tree1' (0#1) [C:/Users/willi/OneDrive/햞ea de Trabalho/ScriptSinteseVivado/verilog/class3_tree1.v:1]
INFO: [Synth 8-6157] synthesizing module 'class3_tree2' [C:/Users/willi/OneDrive/햞ea de Trabalho/ScriptSinteseVivado/verilog/class3_tree2.v:1]
INFO: [Synth 8-6155] done synthesizing module 'class3_tree2' (0#1) [C:/Users/willi/OneDrive/햞ea de Trabalho/ScriptSinteseVivado/verilog/class3_tree2.v:1]
INFO: [Synth 8-6157] synthesizing module 'class3_tree3' [C:/Users/willi/OneDrive/햞ea de Trabalho/ScriptSinteseVivado/verilog/class3_tree3.v:1]
INFO: [Synth 8-6155] done synthesizing module 'class3_tree3' (0#1) [C:/Users/willi/OneDrive/햞ea de Trabalho/ScriptSinteseVivado/verilog/class3_tree3.v:1]
INFO: [Synth 8-6157] synthesizing module 'class3_tree4' [C:/Users/willi/OneDrive/햞ea de Trabalho/ScriptSinteseVivado/verilog/class3_tree4.v:1]
INFO: [Synth 8-6155] done synthesizing module 'class3_tree4' (0#1) [C:/Users/willi/OneDrive/햞ea de Trabalho/ScriptSinteseVivado/verilog/class3_tree4.v:1]
INFO: [Synth 8-6157] synthesizing module 'class3_tree5' [C:/Users/willi/OneDrive/햞ea de Trabalho/ScriptSinteseVivado/verilog/class3_tree5.v:1]
INFO: [Synth 8-6155] done synthesizing module 'class3_tree5' (0#1) [C:/Users/willi/OneDrive/햞ea de Trabalho/ScriptSinteseVivado/verilog/class3_tree5.v:1]
INFO: [Synth 8-6157] synthesizing module 'class3_tree6' [C:/Users/willi/OneDrive/햞ea de Trabalho/ScriptSinteseVivado/verilog/class3_tree6.v:1]
INFO: [Synth 8-6155] done synthesizing module 'class3_tree6' (0#1) [C:/Users/willi/OneDrive/햞ea de Trabalho/ScriptSinteseVivado/verilog/class3_tree6.v:1]
INFO: [Synth 8-6157] synthesizing module 'class4_tree0' [C:/Users/willi/OneDrive/햞ea de Trabalho/ScriptSinteseVivado/verilog/class4_tree0.v:1]
INFO: [Synth 8-6155] done synthesizing module 'class4_tree0' (0#1) [C:/Users/willi/OneDrive/햞ea de Trabalho/ScriptSinteseVivado/verilog/class4_tree0.v:1]
INFO: [Synth 8-6157] synthesizing module 'class4_tree1' [C:/Users/willi/OneDrive/햞ea de Trabalho/ScriptSinteseVivado/verilog/class4_tree1.v:1]
INFO: [Synth 8-6155] done synthesizing module 'class4_tree1' (0#1) [C:/Users/willi/OneDrive/햞ea de Trabalho/ScriptSinteseVivado/verilog/class4_tree1.v:1]
INFO: [Synth 8-6157] synthesizing module 'class4_tree2' [C:/Users/willi/OneDrive/햞ea de Trabalho/ScriptSinteseVivado/verilog/class4_tree2.v:1]
INFO: [Synth 8-6155] done synthesizing module 'class4_tree2' (0#1) [C:/Users/willi/OneDrive/햞ea de Trabalho/ScriptSinteseVivado/verilog/class4_tree2.v:1]
INFO: [Synth 8-6157] synthesizing module 'class4_tree3' [C:/Users/willi/OneDrive/햞ea de Trabalho/ScriptSinteseVivado/verilog/class4_tree3.v:1]
INFO: [Synth 8-6155] done synthesizing module 'class4_tree3' (0#1) [C:/Users/willi/OneDrive/햞ea de Trabalho/ScriptSinteseVivado/verilog/class4_tree3.v:1]
INFO: [Synth 8-6157] synthesizing module 'class4_tree4' [C:/Users/willi/OneDrive/햞ea de Trabalho/ScriptSinteseVivado/verilog/class4_tree4.v:1]
INFO: [Synth 8-6155] done synthesizing module 'class4_tree4' (0#1) [C:/Users/willi/OneDrive/햞ea de Trabalho/ScriptSinteseVivado/verilog/class4_tree4.v:1]
INFO: [Synth 8-6157] synthesizing module 'class4_tree5' [C:/Users/willi/OneDrive/햞ea de Trabalho/ScriptSinteseVivado/verilog/class4_tree5.v:1]
INFO: [Synth 8-6155] done synthesizing module 'class4_tree5' (0#1) [C:/Users/willi/OneDrive/햞ea de Trabalho/ScriptSinteseVivado/verilog/class4_tree5.v:1]
INFO: [Synth 8-6157] synthesizing module 'class4_tree6' [C:/Users/willi/OneDrive/햞ea de Trabalho/ScriptSinteseVivado/verilog/class4_tree6.v:1]
INFO: [Synth 8-6155] done synthesizing module 'class4_tree6' (0#1) [C:/Users/willi/OneDrive/햞ea de Trabalho/ScriptSinteseVivado/verilog/class4_tree6.v:1]
INFO: [Synth 8-6157] synthesizing module 'class5_tree0' [C:/Users/willi/OneDrive/햞ea de Trabalho/ScriptSinteseVivado/verilog/class5_tree0.v:1]
INFO: [Synth 8-6155] done synthesizing module 'class5_tree0' (0#1) [C:/Users/willi/OneDrive/햞ea de Trabalho/ScriptSinteseVivado/verilog/class5_tree0.v:1]
INFO: [Synth 8-6157] synthesizing module 'class5_tree1' [C:/Users/willi/OneDrive/햞ea de Trabalho/ScriptSinteseVivado/verilog/class5_tree1.v:1]
INFO: [Synth 8-6155] done synthesizing module 'class5_tree1' (0#1) [C:/Users/willi/OneDrive/햞ea de Trabalho/ScriptSinteseVivado/verilog/class5_tree1.v:1]
INFO: [Synth 8-6157] synthesizing module 'class5_tree2' [C:/Users/willi/OneDrive/햞ea de Trabalho/ScriptSinteseVivado/verilog/class5_tree2.v:1]
INFO: [Synth 8-6155] done synthesizing module 'class5_tree2' (0#1) [C:/Users/willi/OneDrive/햞ea de Trabalho/ScriptSinteseVivado/verilog/class5_tree2.v:1]
INFO: [Synth 8-6157] synthesizing module 'class5_tree3' [C:/Users/willi/OneDrive/햞ea de Trabalho/ScriptSinteseVivado/verilog/class5_tree3.v:1]
INFO: [Synth 8-6155] done synthesizing module 'class5_tree3' (0#1) [C:/Users/willi/OneDrive/햞ea de Trabalho/ScriptSinteseVivado/verilog/class5_tree3.v:1]
INFO: [Synth 8-6157] synthesizing module 'class5_tree4' [C:/Users/willi/OneDrive/햞ea de Trabalho/ScriptSinteseVivado/verilog/class5_tree4.v:1]
INFO: [Synth 8-6155] done synthesizing module 'class5_tree4' (0#1) [C:/Users/willi/OneDrive/햞ea de Trabalho/ScriptSinteseVivado/verilog/class5_tree4.v:1]
INFO: [Synth 8-6157] synthesizing module 'class5_tree5' [C:/Users/willi/OneDrive/햞ea de Trabalho/ScriptSinteseVivado/verilog/class5_tree5.v:1]
INFO: [Synth 8-6155] done synthesizing module 'class5_tree5' (0#1) [C:/Users/willi/OneDrive/햞ea de Trabalho/ScriptSinteseVivado/verilog/class5_tree5.v:1]
INFO: [Synth 8-6157] synthesizing module 'class5_tree6' [C:/Users/willi/OneDrive/햞ea de Trabalho/ScriptSinteseVivado/verilog/class5_tree6.v:1]
INFO: [Synth 8-6155] done synthesizing module 'class5_tree6' (0#1) [C:/Users/willi/OneDrive/햞ea de Trabalho/ScriptSinteseVivado/verilog/class5_tree6.v:1]
INFO: [Synth 8-6157] synthesizing module 'class6_tree0' [C:/Users/willi/OneDrive/햞ea de Trabalho/ScriptSinteseVivado/verilog/class6_tree0.v:1]
INFO: [Synth 8-6155] done synthesizing module 'class6_tree0' (0#1) [C:/Users/willi/OneDrive/햞ea de Trabalho/ScriptSinteseVivado/verilog/class6_tree0.v:1]
INFO: [Synth 8-6157] synthesizing module 'class6_tree1' [C:/Users/willi/OneDrive/햞ea de Trabalho/ScriptSinteseVivado/verilog/class6_tree1.v:1]
INFO: [Synth 8-6155] done synthesizing module 'class6_tree1' (0#1) [C:/Users/willi/OneDrive/햞ea de Trabalho/ScriptSinteseVivado/verilog/class6_tree1.v:1]
INFO: [Synth 8-6157] synthesizing module 'class6_tree2' [C:/Users/willi/OneDrive/햞ea de Trabalho/ScriptSinteseVivado/verilog/class6_tree2.v:1]
INFO: [Synth 8-6155] done synthesizing module 'class6_tree2' (0#1) [C:/Users/willi/OneDrive/햞ea de Trabalho/ScriptSinteseVivado/verilog/class6_tree2.v:1]
INFO: [Synth 8-6157] synthesizing module 'class6_tree3' [C:/Users/willi/OneDrive/햞ea de Trabalho/ScriptSinteseVivado/verilog/class6_tree3.v:1]
INFO: [Synth 8-6155] done synthesizing module 'class6_tree3' (0#1) [C:/Users/willi/OneDrive/햞ea de Trabalho/ScriptSinteseVivado/verilog/class6_tree3.v:1]
INFO: [Synth 8-6157] synthesizing module 'class6_tree4' [C:/Users/willi/OneDrive/햞ea de Trabalho/ScriptSinteseVivado/verilog/class6_tree4.v:1]
INFO: [Synth 8-6155] done synthesizing module 'class6_tree4' (0#1) [C:/Users/willi/OneDrive/햞ea de Trabalho/ScriptSinteseVivado/verilog/class6_tree4.v:1]
INFO: [Synth 8-6157] synthesizing module 'class6_tree5' [C:/Users/willi/OneDrive/햞ea de Trabalho/ScriptSinteseVivado/verilog/class6_tree5.v:1]
INFO: [Synth 8-6155] done synthesizing module 'class6_tree5' (0#1) [C:/Users/willi/OneDrive/햞ea de Trabalho/ScriptSinteseVivado/verilog/class6_tree5.v:1]
INFO: [Synth 8-6157] synthesizing module 'class6_tree6' [C:/Users/willi/OneDrive/햞ea de Trabalho/ScriptSinteseVivado/verilog/class6_tree6.v:1]
INFO: [Synth 8-6155] done synthesizing module 'class6_tree6' (0#1) [C:/Users/willi/OneDrive/햞ea de Trabalho/ScriptSinteseVivado/verilog/class6_tree6.v:1]
INFO: [Synth 8-6157] synthesizing module 'class0_adder' [C:/Users/willi/OneDrive/햞ea de Trabalho/ScriptSinteseVivado/verilog/class0_adder.v:1]
INFO: [Synth 8-6155] done synthesizing module 'class0_adder' (0#1) [C:/Users/willi/OneDrive/햞ea de Trabalho/ScriptSinteseVivado/verilog/class0_adder.v:1]
INFO: [Synth 8-6157] synthesizing module 'class1_adder' [C:/Users/willi/OneDrive/햞ea de Trabalho/ScriptSinteseVivado/verilog/class1_adder.v:1]
INFO: [Synth 8-6155] done synthesizing module 'class1_adder' (0#1) [C:/Users/willi/OneDrive/햞ea de Trabalho/ScriptSinteseVivado/verilog/class1_adder.v:1]
INFO: [Synth 8-6157] synthesizing module 'class2_adder' [C:/Users/willi/OneDrive/햞ea de Trabalho/ScriptSinteseVivado/verilog/class2_adder.v:1]
INFO: [Synth 8-6155] done synthesizing module 'class2_adder' (0#1) [C:/Users/willi/OneDrive/햞ea de Trabalho/ScriptSinteseVivado/verilog/class2_adder.v:1]
INFO: [Synth 8-6157] synthesizing module 'class3_adder' [C:/Users/willi/OneDrive/햞ea de Trabalho/ScriptSinteseVivado/verilog/class3_adder.v:1]
INFO: [Synth 8-6155] done synthesizing module 'class3_adder' (0#1) [C:/Users/willi/OneDrive/햞ea de Trabalho/ScriptSinteseVivado/verilog/class3_adder.v:1]
INFO: [Synth 8-6157] synthesizing module 'class4_adder' [C:/Users/willi/OneDrive/햞ea de Trabalho/ScriptSinteseVivado/verilog/class4_adder.v:1]
INFO: [Synth 8-6155] done synthesizing module 'class4_adder' (0#1) [C:/Users/willi/OneDrive/햞ea de Trabalho/ScriptSinteseVivado/verilog/class4_adder.v:1]
INFO: [Synth 8-6157] synthesizing module 'class5_adder' [C:/Users/willi/OneDrive/햞ea de Trabalho/ScriptSinteseVivado/verilog/class5_adder.v:1]
INFO: [Synth 8-6155] done synthesizing module 'class5_adder' (0#1) [C:/Users/willi/OneDrive/햞ea de Trabalho/ScriptSinteseVivado/verilog/class5_adder.v:1]
INFO: [Synth 8-6157] synthesizing module 'class6_adder' [C:/Users/willi/OneDrive/햞ea de Trabalho/ScriptSinteseVivado/verilog/class6_adder.v:1]
INFO: [Synth 8-6155] done synthesizing module 'class6_adder' (0#1) [C:/Users/willi/OneDrive/햞ea de Trabalho/ScriptSinteseVivado/verilog/class6_adder.v:1]
INFO: [Synth 8-6155] done synthesizing module 'TreeLUT' (0#1) [C:/Users/willi/OneDrive/햞ea de Trabalho/ScriptSinteseVivado/verilog/TreeLUT.v:1]
WARNING: [Synth 8-7129] Port i[50] in module class6_tree6 is either unconnected or has no load
WARNING: [Synth 8-7129] Port i[49] in module class6_tree6 is either unconnected or has no load
WARNING: [Synth 8-7129] Port i[48] in module class6_tree6 is either unconnected or has no load
WARNING: [Synth 8-7129] Port i[47] in module class6_tree6 is either unconnected or has no load
WARNING: [Synth 8-7129] Port i[46] in module class6_tree6 is either unconnected or has no load
WARNING: [Synth 8-7129] Port i[45] in module class6_tree6 is either unconnected or has no load
WARNING: [Synth 8-7129] Port i[44] in module class6_tree6 is either unconnected or has no load
WARNING: [Synth 8-7129] Port i[43] in module class6_tree6 is either unconnected or has no load
WARNING: [Synth 8-7129] Port i[42] in module class6_tree6 is either unconnected or has no load
WARNING: [Synth 8-7129] Port i[41] in module class6_tree6 is either unconnected or has no load
WARNING: [Synth 8-7129] Port i[40] in module class6_tree6 is either unconnected or has no load
WARNING: [Synth 8-7129] Port i[39] in module class6_tree6 is either unconnected or has no load
WARNING: [Synth 8-7129] Port i[38] in module class6_tree6 is either unconnected or has no load
WARNING: [Synth 8-7129] Port i[37] in module class6_tree6 is either unconnected or has no load
WARNING: [Synth 8-7129] Port i[36] in module class6_tree6 is either unconnected or has no load
WARNING: [Synth 8-7129] Port i[35] in module class6_tree6 is either unconnected or has no load
WARNING: [Synth 8-7129] Port i[34] in module class6_tree6 is either unconnected or has no load
WARNING: [Synth 8-7129] Port i[33] in module class6_tree6 is either unconnected or has no load
WARNING: [Synth 8-7129] Port i[32] in module class6_tree6 is either unconnected or has no load
WARNING: [Synth 8-7129] Port i[31] in module class6_tree6 is either unconnected or has no load
WARNING: [Synth 8-7129] Port i[30] in module class6_tree6 is either unconnected or has no load
WARNING: [Synth 8-7129] Port i[29] in module class6_tree6 is either unconnected or has no load
WARNING: [Synth 8-7129] Port i[28] in module class6_tree6 is either unconnected or has no load
WARNING: [Synth 8-7129] Port i[27] in module class6_tree6 is either unconnected or has no load
WARNING: [Synth 8-7129] Port i[26] in module class6_tree6 is either unconnected or has no load
WARNING: [Synth 8-7129] Port i[25] in module class6_tree6 is either unconnected or has no load
WARNING: [Synth 8-7129] Port i[24] in module class6_tree6 is either unconnected or has no load
WARNING: [Synth 8-7129] Port i[23] in module class6_tree6 is either unconnected or has no load
WARNING: [Synth 8-7129] Port i[22] in module class6_tree6 is either unconnected or has no load
WARNING: [Synth 8-7129] Port i[21] in module class6_tree6 is either unconnected or has no load
WARNING: [Synth 8-7129] Port i[20] in module class6_tree6 is either unconnected or has no load
WARNING: [Synth 8-7129] Port i[19] in module class6_tree6 is either unconnected or has no load
WARNING: [Synth 8-7129] Port i[18] in module class6_tree6 is either unconnected or has no load
WARNING: [Synth 8-7129] Port i[17] in module class6_tree6 is either unconnected or has no load
WARNING: [Synth 8-7129] Port i[16] in module class6_tree6 is either unconnected or has no load
WARNING: [Synth 8-7129] Port i[15] in module class6_tree6 is either unconnected or has no load
WARNING: [Synth 8-7129] Port i[14] in module class6_tree6 is either unconnected or has no load
WARNING: [Synth 8-7129] Port i[13] in module class6_tree6 is either unconnected or has no load
WARNING: [Synth 8-7129] Port i[12] in module class6_tree6 is either unconnected or has no load
WARNING: [Synth 8-7129] Port i[11] in module class6_tree6 is either unconnected or has no load
WARNING: [Synth 8-7129] Port i[10] in module class6_tree6 is either unconnected or has no load
WARNING: [Synth 8-7129] Port i[9] in module class6_tree6 is either unconnected or has no load
WARNING: [Synth 8-7129] Port i[8] in module class6_tree6 is either unconnected or has no load
WARNING: [Synth 8-7129] Port i[7] in module class6_tree6 is either unconnected or has no load
WARNING: [Synth 8-7129] Port i[6] in module class6_tree6 is either unconnected or has no load
WARNING: [Synth 8-7129] Port i[5] in module class6_tree6 is either unconnected or has no load
WARNING: [Synth 8-7129] Port i[4] in module class6_tree6 is either unconnected or has no load
WARNING: [Synth 8-7129] Port i[3] in module class6_tree6 is either unconnected or has no load
WARNING: [Synth 8-7129] Port i[2] in module class6_tree6 is either unconnected or has no load
WARNING: [Synth 8-7129] Port i[1] in module class6_tree6 is either unconnected or has no load
WARNING: [Synth 8-7129] Port i[0] in module class6_tree6 is either unconnected or has no load
WARNING: [Synth 8-7129] Port i[50] in module class6_tree5 is either unconnected or has no load
WARNING: [Synth 8-7129] Port i[48] in module class6_tree5 is either unconnected or has no load
WARNING: [Synth 8-7129] Port i[44] in module class6_tree5 is either unconnected or has no load
WARNING: [Synth 8-7129] Port i[43] in module class6_tree5 is either unconnected or has no load
WARNING: [Synth 8-7129] Port i[42] in module class6_tree5 is either unconnected or has no load
WARNING: [Synth 8-7129] Port i[40] in module class6_tree5 is either unconnected or has no load
WARNING: [Synth 8-7129] Port i[39] in module class6_tree5 is either unconnected or has no load
WARNING: [Synth 8-7129] Port i[38] in module class6_tree5 is either unconnected or has no load
WARNING: [Synth 8-7129] Port i[36] in module class6_tree5 is either unconnected or has no load
WARNING: [Synth 8-7129] Port i[35] in module class6_tree5 is either unconnected or has no load
WARNING: [Synth 8-7129] Port i[34] in module class6_tree5 is either unconnected or has no load
WARNING: [Synth 8-7129] Port i[33] in module class6_tree5 is either unconnected or has no load
WARNING: [Synth 8-7129] Port i[32] in module class6_tree5 is either unconnected or has no load
WARNING: [Synth 8-7129] Port i[31] in module class6_tree5 is either unconnected or has no load
WARNING: [Synth 8-7129] Port i[29] in module class6_tree5 is either unconnected or has no load
WARNING: [Synth 8-7129] Port i[28] in module class6_tree5 is either unconnected or has no load
WARNING: [Synth 8-7129] Port i[27] in module class6_tree5 is either unconnected or has no load
WARNING: [Synth 8-7129] Port i[26] in module class6_tree5 is either unconnected or has no load
WARNING: [Synth 8-7129] Port i[25] in module class6_tree5 is either unconnected or has no load
WARNING: [Synth 8-7129] Port i[24] in module class6_tree5 is either unconnected or has no load
WARNING: [Synth 8-7129] Port i[23] in module class6_tree5 is either unconnected or has no load
WARNING: [Synth 8-7129] Port i[22] in module class6_tree5 is either unconnected or has no load
WARNING: [Synth 8-7129] Port i[21] in module class6_tree5 is either unconnected or has no load
WARNING: [Synth 8-7129] Port i[20] in module class6_tree5 is either unconnected or has no load
WARNING: [Synth 8-7129] Port i[19] in module class6_tree5 is either unconnected or has no load
WARNING: [Synth 8-7129] Port i[18] in module class6_tree5 is either unconnected or has no load
WARNING: [Synth 8-7129] Port i[17] in module class6_tree5 is either unconnected or has no load
WARNING: [Synth 8-7129] Port i[16] in module class6_tree5 is either unconnected or has no load
WARNING: [Synth 8-7129] Port i[15] in module class6_tree5 is either unconnected or has no load
WARNING: [Synth 8-7129] Port i[14] in module class6_tree5 is either unconnected or has no load
WARNING: [Synth 8-7129] Port i[13] in module class6_tree5 is either unconnected or has no load
WARNING: [Synth 8-7129] Port i[12] in module class6_tree5 is either unconnected or has no load
WARNING: [Synth 8-7129] Port i[11] in module class6_tree5 is either unconnected or has no load
WARNING: [Synth 8-7129] Port i[10] in module class6_tree5 is either unconnected or has no load
WARNING: [Synth 8-7129] Port i[9] in module class6_tree5 is either unconnected or has no load
WARNING: [Synth 8-7129] Port i[8] in module class6_tree5 is either unconnected or has no load
WARNING: [Synth 8-7129] Port i[7] in module class6_tree5 is either unconnected or has no load
WARNING: [Synth 8-7129] Port i[6] in module class6_tree5 is either unconnected or has no load
WARNING: [Synth 8-7129] Port i[5] in module class6_tree5 is either unconnected or has no load
WARNING: [Synth 8-7129] Port i[4] in module class6_tree5 is either unconnected or has no load
WARNING: [Synth 8-7129] Port i[3] in module class6_tree5 is either unconnected or has no load
WARNING: [Synth 8-7129] Port i[0] in module class6_tree5 is either unconnected or has no load
WARNING: [Synth 8-7129] Port i[50] in module class6_tree4 is either unconnected or has no load
WARNING: [Synth 8-7129] Port i[49] in module class6_tree4 is either unconnected or has no load
WARNING: [Synth 8-7129] Port i[48] in module class6_tree4 is either unconnected or has no load
WARNING: [Synth 8-7129] Port i[47] in module class6_tree4 is either unconnected or has no load
WARNING: [Synth 8-7129] Port i[46] in module class6_tree4 is either unconnected or has no load
WARNING: [Synth 8-7129] Port i[45] in module class6_tree4 is either unconnected or has no load
WARNING: [Synth 8-7129] Port i[44] in module class6_tree4 is either unconnected or has no load
INFO: [Common 17-14] Message 'Synth 8-7129' appears 100 times and further instances of the messages will be disabled. Use the Tcl command set_msg_config to change the current settings.
